2023-05-20 19:05:740 INFO  BankManagerLoginPage :22 - Clicking On Bank Manager Login Button : By.xpath: //button[normalize-space()='Bank Manager Login']
2023-05-20 19:05:159 INFO  BankManagerLoginPage :22 - Clicking On Bank Manager Login Button : By.xpath: //button[normalize-space()='Bank Manager Login']
2023-05-20 19:05:900 INFO  BankManagerLoginPage :22 - Clicking On Bank Manager Login Button : By.xpath: //button[normalize-space()='Bank Manager Login']
2023-05-20 20:05:10 INFO  BankManagerLoginPage :22 - Clicking On Bank Manager Login Button : By.xpath: //button[normalize-space()='Bank Manager Login']
2023-05-20 20:05:921 INFO  BankManagerLoginPage :22 - Clicking On Bank Manager Login Button : By.xpath: //button[normalize-space()='Bank Manager Login']
2023-05-20 20:05:355 INFO  BankManagerLoginPage :22 - Clicking On Bank Manager Login Button : By.xpath: //button[normalize-space()='Bank Manager Login']
2023-05-20 20:05:622 INFO  BankManagerLoginPage :22 - Clicking On Bank Manager Login Button : By.xpath: //button[normalize-space()='Bank Manager Login']
2023-05-20 20:05:820 INFO  AddCustomerPage :64 - Clicking On Add Customer Button : [[ChromeDriver: chrome on WINDOWS (f4bdee5a03336221a3ab4e1c9f50d33b)] -> xpath: //button[normalize-space()='Add Customer']]
2023-05-20 20:05:107 INFO  AddCustomerPage :49 - Entering First Name Into First Name Filed : [[ChromeDriver: chrome on WINDOWS (f4bdee5a03336221a3ab4e1c9f50d33b)] -> xpath: //input[@placeholder='First Name']]
2023-05-20 20:05:171 INFO  AddCustomerPage :54 - Entering Last Name Into Last Name Field : [[ChromeDriver: chrome on WINDOWS (f4bdee5a03336221a3ab4e1c9f50d33b)] -> xpath: //input[@placeholder='Last Name']]
2023-05-20 20:05:234 INFO  AddCustomerPage :59 - Entering Postcode Into Postcode Field : [[ChromeDriver: chrome on WINDOWS (f4bdee5a03336221a3ab4e1c9f50d33b)] -> xpath: //input[@placeholder='Post Code']]
2023-05-20 20:05:281 INFO  AddCustomerPage :64 - Clicking On Add Customer Button : [[ChromeDriver: chrome on WINDOWS (f4bdee5a03336221a3ab4e1c9f50d33b)] -> xpath: //button[normalize-space()='Add Customer']]
2023-05-20 20:05:799 INFO  BankManagerLoginPage :22 - Clicking On Bank Manager Login Button : By.xpath: //button[normalize-space()='Bank Manager Login']
2023-05-20 20:05:08 INFO  AddCustomerPage :64 - Clicking On Add Customer Button : [[ChromeDriver: chrome on WINDOWS (709d226f167e978eab3c9da1f2febd58)] -> xpath: //button[normalize-space()='Add Customer']]
2023-05-20 20:05:301 INFO  AddCustomerPage :49 - Entering First Name Into First Name Filed : [[ChromeDriver: chrome on WINDOWS (709d226f167e978eab3c9da1f2febd58)] -> xpath: //input[@placeholder='First Name']]
2023-05-20 20:05:365 INFO  AddCustomerPage :54 - Entering Last Name Into Last Name Field : [[ChromeDriver: chrome on WINDOWS (709d226f167e978eab3c9da1f2febd58)] -> xpath: //input[@placeholder='Last Name']]
2023-05-20 20:05:430 INFO  AddCustomerPage :59 - Entering Postcode Into Postcode Field : [[ChromeDriver: chrome on WINDOWS (709d226f167e978eab3c9da1f2febd58)] -> xpath: //input[@placeholder='Post Code']]
2023-05-20 20:05:484 INFO  AddCustomerPage :44 - Clicking On Add Customer Button : [[ChromeDriver: chrome on WINDOWS (709d226f167e978eab3c9da1f2febd58)] -> xpath: //button[normalize-space()='Add Customer']]
2023-05-20 20:05:921 INFO  BankManagerLoginPage :22 - Clicking On Bank Manager Login Button : By.xpath: //button[normalize-space()='Bank Manager Login']
2023-05-20 20:05:128 INFO  AddCustomerPage :66 - Clicking On Add Customer Button : [[ChromeDriver: chrome on WINDOWS (4cb08a7989c0c00acc6bd2e345e59827)] -> xpath: //button[normalize-space()='Add Customer']]
2023-05-20 20:05:386 INFO  AddCustomerPage :51 - Entering First Name Into First Name Filed : [[ChromeDriver: chrome on WINDOWS (4cb08a7989c0c00acc6bd2e345e59827)] -> xpath: //input[@placeholder='First Name']]
2023-05-20 20:05:445 INFO  AddCustomerPage :56 - Entering Last Name Into Last Name Field : [[ChromeDriver: chrome on WINDOWS (4cb08a7989c0c00acc6bd2e345e59827)] -> xpath: //input[@placeholder='Last Name']]
2023-05-20 20:05:583 INFO  AddCustomerPage :61 - Entering Postcode Into Postcode Field : [[ChromeDriver: chrome on WINDOWS (4cb08a7989c0c00acc6bd2e345e59827)] -> xpath: //input[@placeholder='Post Code']]
2023-05-20 20:05:634 INFO  AddCustomerPage :46 - Clicking On Add Customer Button : [[ChromeDriver: chrome on WINDOWS (4cb08a7989c0c00acc6bd2e345e59827)] -> xpath: //button[normalize-space()='Add Customer']]
2023-05-20 20:05:233 INFO  BankManagerLoginPage :22 - Clicking On Bank Manager Login Button : By.xpath: //button[normalize-space()='Bank Manager Login']
2023-05-20 20:05:437 INFO  AddCustomerPage :66 - Clicking On Add Customer Button : [[ChromeDriver: chrome on WINDOWS (d1f26d948bbfc1c2db20f98e30a842c6)] -> xpath: //button[normalize-space()='Add Customer']]
2023-05-20 20:05:706 INFO  AddCustomerPage :51 - Entering First Name Into First Name Filed : [[ChromeDriver: chrome on WINDOWS (d1f26d948bbfc1c2db20f98e30a842c6)] -> xpath: //input[@placeholder='First Name']]
2023-05-20 20:05:769 INFO  AddCustomerPage :56 - Entering Last Name Into Last Name Field : [[ChromeDriver: chrome on WINDOWS (d1f26d948bbfc1c2db20f98e30a842c6)] -> xpath: //input[@placeholder='Last Name']]
2023-05-20 20:05:833 INFO  AddCustomerPage :61 - Entering Postcode Into Postcode Field : [[ChromeDriver: chrome on WINDOWS (d1f26d948bbfc1c2db20f98e30a842c6)] -> xpath: //input[@placeholder='Post Code']]
2023-05-20 20:05:890 INFO  AddCustomerPage :46 - Clicking On Add Customer Button : [[ChromeDriver: chrome on WINDOWS (d1f26d948bbfc1c2db20f98e30a842c6)] -> xpath: //button[normalize-space()='Add Customer']]
2023-05-20 20:05:679 INFO  BankManagerLoginPage :22 - Clicking On Bank Manager Login Button : By.xpath: //button[normalize-space()='Bank Manager Login']
2023-05-20 20:05:889 INFO  AddCustomerPage :66 - Clicking On Add Customer Button : [[ChromeDriver: chrome on WINDOWS (1840d674a09c2eb33f12eb92641093fb)] -> xpath: //button[normalize-space()='Add Customer']]
2023-05-20 20:05:151 INFO  AddCustomerPage :51 - Entering First Name Into First Name Filed : [[ChromeDriver: chrome on WINDOWS (1840d674a09c2eb33f12eb92641093fb)] -> xpath: //input[@placeholder='First Name']]
2023-05-20 20:05:215 INFO  AddCustomerPage :56 - Entering Last Name Into Last Name Field : [[ChromeDriver: chrome on WINDOWS (1840d674a09c2eb33f12eb92641093fb)] -> xpath: //input[@placeholder='Last Name']]
2023-05-20 20:05:285 INFO  AddCustomerPage :61 - Entering Postcode Into Postcode Field : [[ChromeDriver: chrome on WINDOWS (1840d674a09c2eb33f12eb92641093fb)] -> xpath: //input[@placeholder='Post Code']]
2023-05-20 20:05:341 INFO  AddCustomerPage :46 - Clicking On Add Customer Button : [[ChromeDriver: chrome on WINDOWS (1840d674a09c2eb33f12eb92641093fb)] -> xpath: //button[normalize-space()='Add Customer']]
2023-05-20 20:05:39 INFO  BankManagerLoginPage :22 - Clicking On Bank Manager Login Button : By.xpath: //button[normalize-space()='Bank Manager Login']
2023-05-20 20:05:244 INFO  AddCustomerPage :66 - Clicking On Add Customer Button : [[ChromeDriver: chrome on WINDOWS (2d72933db5a4106536f52ea3c34b8153)] -> xpath: //button[normalize-space()='Add Customer']]
2023-05-20 20:05:490 INFO  AddCustomerPage :51 - Entering First Name Into First Name Filed : [[ChromeDriver: chrome on WINDOWS (2d72933db5a4106536f52ea3c34b8153)] -> xpath: //input[@placeholder='First Name']]
2023-05-20 20:05:551 INFO  AddCustomerPage :56 - Entering Last Name Into Last Name Field : [[ChromeDriver: chrome on WINDOWS (2d72933db5a4106536f52ea3c34b8153)] -> xpath: //input[@placeholder='Last Name']]
2023-05-20 20:05:619 INFO  AddCustomerPage :61 - Entering Postcode Into Postcode Field : [[ChromeDriver: chrome on WINDOWS (2d72933db5a4106536f52ea3c34b8153)] -> xpath: //input[@placeholder='Post Code']]
2023-05-20 20:05:676 INFO  AddCustomerPage :46 - Clicking On Add Customer Button : [[ChromeDriver: chrome on WINDOWS (2d72933db5a4106536f52ea3c34b8153)] -> xpath: //button[normalize-space()='Add Customer']]
2023-05-20 20:05:928 INFO  BankManagerLoginPage :22 - Clicking On Bank Manager Login Button : By.xpath: //button[normalize-space()='Bank Manager Login']
2023-05-20 20:05:147 INFO  AddCustomerPage :66 - Clicking On Add Customer Button : [[ChromeDriver: chrome on WINDOWS (3b62ee5ffd377093bf390bf2d41f9be4)] -> xpath: //button[normalize-space()='Add Customer']]
2023-05-20 20:05:416 INFO  AddCustomerPage :51 - Entering First Name Into First Name Filed : [[ChromeDriver: chrome on WINDOWS (3b62ee5ffd377093bf390bf2d41f9be4)] -> xpath: //input[@placeholder='First Name']]
2023-05-20 20:05:477 INFO  AddCustomerPage :56 - Entering Last Name Into Last Name Field : [[ChromeDriver: chrome on WINDOWS (3b62ee5ffd377093bf390bf2d41f9be4)] -> xpath: //input[@placeholder='Last Name']]
2023-05-20 20:05:545 INFO  AddCustomerPage :61 - Entering Postcode Into Postcode Field : [[ChromeDriver: chrome on WINDOWS (3b62ee5ffd377093bf390bf2d41f9be4)] -> xpath: //input[@placeholder='Post Code']]
2023-05-20 20:05:598 INFO  AddCustomerPage :46 - Clicking On Add Customer Button : [[ChromeDriver: chrome on WINDOWS (3b62ee5ffd377093bf390bf2d41f9be4)] -> xpath: //button[normalize-space()='Add Customer']]
2023-05-20 20:05:345 INFO  BankManagerLoginPage :22 - Clicking On Bank Manager Login Button : By.xpath: //button[normalize-space()='Bank Manager Login']
2023-05-20 20:05:566 INFO  AddCustomerPage :66 - Clicking On Add Customer Button : [[ChromeDriver: chrome on WINDOWS (d991368c42411b1b6e2c913744863ea0)] -> xpath: //button[normalize-space()='Add Customer']]
2023-05-20 20:05:795 INFO  AddCustomerPage :51 - Entering First Name Into First Name Filed : [[ChromeDriver: chrome on WINDOWS (d991368c42411b1b6e2c913744863ea0)] -> xpath: //input[@placeholder='First Name']]
2023-05-20 20:05:857 INFO  AddCustomerPage :56 - Entering Last Name Into Last Name Field : [[ChromeDriver: chrome on WINDOWS (d991368c42411b1b6e2c913744863ea0)] -> xpath: //input[@placeholder='Last Name']]
2023-05-20 20:05:925 INFO  AddCustomerPage :61 - Entering Postcode Into Postcode Field : [[ChromeDriver: chrome on WINDOWS (d991368c42411b1b6e2c913744863ea0)] -> xpath: //input[@placeholder='Post Code']]
2023-05-20 20:05:984 INFO  AddCustomerPage :46 - Clicking On Add Customer Button : [[ChromeDriver: chrome on WINDOWS (d991368c42411b1b6e2c913744863ea0)] -> xpath: //button[normalize-space()='Add Customer']]
2023-05-20 20:05:882 INFO  BankManagerLoginPage :22 - Clicking On Bank Manager Login Button : By.xpath: //button[normalize-space()='Bank Manager Login']
2023-05-20 20:05:991 INFO  BankManagerLoginPage :22 - Clicking On Bank Manager Login Button : By.xpath: //button[normalize-space()='Bank Manager Login']
2023-05-20 20:05:240 INFO  AddCustomerPage :46 - Clicking On Add Customer Button : [[ChromeDriver: chrome on WINDOWS (509aa789b07598a49424187ee389eaf2)] -> xpath: //button[normalize-space()='Add Customer']]
2023-05-20 20:05:504 INFO  AddCustomerPage :51 - Entering First Name Into First Name Filed : [[ChromeDriver: chrome on WINDOWS (509aa789b07598a49424187ee389eaf2)] -> xpath: //input[@placeholder='First Name']]
2023-05-20 20:05:566 INFO  AddCustomerPage :56 - Entering Last Name Into Last Name Field : [[ChromeDriver: chrome on WINDOWS (509aa789b07598a49424187ee389eaf2)] -> xpath: //input[@placeholder='Last Name']]
2023-05-20 20:05:707 INFO  AddCustomerPage :61 - Entering Postcode Into Postcode Field : [[ChromeDriver: chrome on WINDOWS (509aa789b07598a49424187ee389eaf2)] -> xpath: //input[@placeholder='Post Code']]
2023-05-20 20:05:775 INFO  AddCustomerPage :66 - Clicking On Add Customer Button : [[ChromeDriver: chrome on WINDOWS (509aa789b07598a49424187ee389eaf2)] -> xpath: //button[@type='submit']]
2023-05-20 21:05:435 INFO  BankManagerLoginPage :26 - Clicking On Bank Manager Login Button : [[ChromeDriver: chrome on WINDOWS (d4c9c9d75cf265aa4eb2f7dcfafeb391)] -> xpath: //button[normalize-space()='Bank Manager Login']]
2023-05-20 21:05:682 INFO  AddCustomerPage :46 - Clicking On Add Customer Button : [[ChromeDriver: chrome on WINDOWS (d4c9c9d75cf265aa4eb2f7dcfafeb391)] -> xpath: //button[normalize-space()='Add Customer']]
2023-05-20 21:05:979 INFO  AddCustomerPage :51 - Entering First Name Into First Name Filed : [[ChromeDriver: chrome on WINDOWS (d4c9c9d75cf265aa4eb2f7dcfafeb391)] -> xpath: //input[@placeholder='First Name']]
2023-05-20 21:05:42 INFO  AddCustomerPage :56 - Entering Last Name Into Last Name Field : [[ChromeDriver: chrome on WINDOWS (d4c9c9d75cf265aa4eb2f7dcfafeb391)] -> xpath: //input[@placeholder='Last Name']]
2023-05-20 21:05:117 INFO  AddCustomerPage :61 - Entering Postcode Into Postcode Field : [[ChromeDriver: chrome on WINDOWS (d4c9c9d75cf265aa4eb2f7dcfafeb391)] -> xpath: //input[@placeholder='Post Code']]
2023-05-20 21:05:173 INFO  AddCustomerPage :66 - Clicking On Add Customer Button : [[ChromeDriver: chrome on WINDOWS (d4c9c9d75cf265aa4eb2f7dcfafeb391)] -> xpath: //button[@type='submit']]
2023-05-20 21:05:317 INFO  BankManagerLoginPage :26 - Clicking On Bank Manager Login Button : [[ChromeDriver: chrome on WINDOWS (434f26eaf25f5f77791027f87b7d08d7)] -> xpath: //button[normalize-space()='Bank Manager Login']]
2023-05-20 21:05:517 INFO  OpenAccountPage :43 - Clicking On Open An Account Button : [[ChromeDriver: chrome on WINDOWS (434f26eaf25f5f77791027f87b7d08d7)] -> xpath: //button[normalize-space()='Open Account']]
2023-05-20 21:05:828 INFO  OpenAccountPage :49 - Clicking On The Customer Name Drop Down : [[ChromeDriver: chrome on WINDOWS (434f26eaf25f5f77791027f87b7d08d7)] -> css selector: #userSelect]
2023-05-20 21:05:810 INFO  BankManagerLoginPage :26 - Clicking On Bank Manager Login Button : [[ChromeDriver: chrome on WINDOWS (215083214bed706805b2691a4d970266)] -> xpath: //button[normalize-space()='Bank Manager Login']]
2023-05-20 21:05:11 INFO  AddCustomerPage :46 - Clicking On Add Customer Button : [[ChromeDriver: chrome on WINDOWS (215083214bed706805b2691a4d970266)] -> xpath: //button[normalize-space()='Add Customer']]
2023-05-20 21:05:313 INFO  AddCustomerPage :51 - Entering First Name Into First Name Filed : [[ChromeDriver: chrome on WINDOWS (215083214bed706805b2691a4d970266)] -> xpath: //input[@placeholder='First Name']]
2023-05-20 21:05:375 INFO  AddCustomerPage :56 - Entering Last Name Into Last Name Field : [[ChromeDriver: chrome on WINDOWS (215083214bed706805b2691a4d970266)] -> xpath: //input[@placeholder='Last Name']]
2023-05-20 21:05:442 INFO  AddCustomerPage :61 - Entering Postcode Into Postcode Field : [[ChromeDriver: chrome on WINDOWS (215083214bed706805b2691a4d970266)] -> xpath: //input[@placeholder='Post Code']]
2023-05-20 21:05:511 INFO  AddCustomerPage :66 - Clicking On Add Customer Button : [[ChromeDriver: chrome on WINDOWS (215083214bed706805b2691a4d970266)] -> xpath: //button[@type='submit']]
2023-05-20 21:05:774 INFO  BankManagerLoginPage :26 - Clicking On Bank Manager Login Button : [[ChromeDriver: chrome on WINDOWS (24dc0072aa1c5b4caa2d9135b2747772)] -> xpath: //button[normalize-space()='Bank Manager Login']]
2023-05-20 21:05:21 INFO  OpenAccountPage :43 - Clicking On Open An Account Button : [[ChromeDriver: chrome on WINDOWS (24dc0072aa1c5b4caa2d9135b2747772)] -> xpath: //button[normalize-space()='Open Account']]
2023-05-20 21:05:268 INFO  OpenAccountPage :49 - Clicking On The Customer Name Drop Down : [[ChromeDriver: chrome on WINDOWS (24dc0072aa1c5b4caa2d9135b2747772)] -> css selector: #userSelect]
2023-05-20 21:05:429 INFO  OpenAccountPage :51 - Selecting Customer Name From The Drop Down : [[ChromeDriver: chrome on WINDOWS (24dc0072aa1c5b4caa2d9135b2747772)] -> css selector: #userSelect]
2023-05-20 21:05:524 INFO  OpenAccountPage :57 - Clicking On The Currency Drop Down : [[ChromeDriver: chrome on WINDOWS (24dc0072aa1c5b4caa2d9135b2747772)] -> xpath: //select[@id='currency']]
2023-05-20 21:05:582 INFO  OpenAccountPage :59 - Selecting The Desired Currency From Currency Drop Down : [[ChromeDriver: chrome on WINDOWS (24dc0072aa1c5b4caa2d9135b2747772)] -> xpath: //select[@id='currency']]
2023-05-20 21:05:639 INFO  OpenAccountPage :64 - Clicking On The Process Button : [[ChromeDriver: chrome on WINDOWS (24dc0072aa1c5b4caa2d9135b2747772)] -> xpath: //button[@type='submit']]
2023-05-20 22:05:490 INFO  BankManagerLoginPage :26 - Clicking On Bank Manager Login Button : [[ChromeDriver: chrome on WINDOWS (1e580908e70098a0bdada60a47b72883)] -> xpath: //button[normalize-space()='Bank Manager Login']]
2023-05-20 22:05:741 INFO  OpenAccountPage :43 - Clicking On Open An Account Button : [[ChromeDriver: chrome on WINDOWS (1e580908e70098a0bdada60a47b72883)] -> xpath: //button[normalize-space()='Open Account']]
2023-05-20 22:05:98 INFO  OpenAccountPage :49 - Clicking On The Customer Name Drop Down : [[ChromeDriver: chrome on WINDOWS (1e580908e70098a0bdada60a47b72883)] -> css selector: #userSelect]
2023-05-20 22:05:218 INFO  OpenAccountPage :51 - Selecting Customer Name From The Drop Down : [[ChromeDriver: chrome on WINDOWS (1e580908e70098a0bdada60a47b72883)] -> css selector: #userSelect]
2023-05-20 22:05:323 INFO  OpenAccountPage :57 - Clicking On The Currency Drop Down : [[ChromeDriver: chrome on WINDOWS (1e580908e70098a0bdada60a47b72883)] -> xpath: //select[@id='currency']]
2023-05-20 22:05:411 INFO  OpenAccountPage :59 - Selecting The Desired Currency From Currency Drop Down : [[ChromeDriver: chrome on WINDOWS (1e580908e70098a0bdada60a47b72883)] -> xpath: //select[@id='currency']]
2023-05-20 22:05:493 INFO  OpenAccountPage :64 - Clicking On The Process Button : [[ChromeDriver: chrome on WINDOWS (1e580908e70098a0bdada60a47b72883)] -> xpath: //button[@type='submit']]
2023-05-20 22:05:16 INFO  CustomerLoginPage :46 - Clicking On Customer Login Button : [[ChromeDriver: chrome on WINDOWS (81153363d204664ff0189681953e7d28)] -> xpath: //button[@type='submit']]
2023-05-20 22:05:127 INFO  CustomerLoginPage :52 - Clicking On Customer Name Selection Drop Down : [[ChromeDriver: chrome on WINDOWS (81153363d204664ff0189681953e7d28)] -> xpath: //select[@id='userSelect']]
2023-05-20 22:05:211 INFO  CustomerLoginPage :54 - Selecting Customer Name From The Drop Down : [[ChromeDriver: chrome on WINDOWS (81153363d204664ff0189681953e7d28)] -> xpath: //select[@id='userSelect']]
2023-05-20 22:05:353 INFO  CustomerLoginPage :59 - Clicking On Login Button : [[ChromeDriver: chrome on WINDOWS (81153363d204664ff0189681953e7d28)] -> xpath: //button[@type='submit']]
2023-05-20 22:05:549 INFO  CustomerLoginPage :64 - Verifying Whether The Logout Tab Is Displayed Or Not : 
2023-05-20 22:05:626 INFO  CustomerLoginPage :70 - Clicking On Logout Tab : [[ChromeDriver: chrome on WINDOWS (81153363d204664ff0189681953e7d28)] -> xpath: //button[@class='btn logout']]
2023-05-20 23:05:125 INFO  CustomerLoginPage :46 - Clicking On Customer Login Button : [[ChromeDriver: chrome on WINDOWS (ffff06393cdde36f50420c57fe9a15b6)] -> xpath: //button[@type='submit']]
2023-05-20 23:05:234 INFO  CustomerLoginPage :52 - Clicking On Customer Name Selection Drop Down : [[ChromeDriver: chrome on WINDOWS (ffff06393cdde36f50420c57fe9a15b6)] -> xpath: //select[@id='userSelect']]
2023-05-20 23:05:423 INFO  CustomerLoginPage :54 - Selecting Customer Name From The Drop Down : [[ChromeDriver: chrome on WINDOWS (ffff06393cdde36f50420c57fe9a15b6)] -> xpath: //select[@id='userSelect']]
2023-05-20 23:05:524 INFO  CustomerLoginPage :59 - Clicking On Login Button : [[ChromeDriver: chrome on WINDOWS (ffff06393cdde36f50420c57fe9a15b6)] -> xpath: //button[@type='submit']]
2023-05-20 23:05:735 INFO  CustomerLoginPage :64 - Verifying Whether The Logout Tab Is Displayed Or Not : 
2023-05-20 23:05:819 INFO  CustomerLoginPage :70 - Clicking On Logout Tab : [[ChromeDriver: chrome on WINDOWS (ffff06393cdde36f50420c57fe9a15b6)] -> xpath: //button[@class='btn logout']]
2023-05-20 23:05:519 INFO  CustomerLoginPage :46 - Clicking On Customer Login Button : [[ChromeDriver: chrome on WINDOWS (352036734d4b0bcc32afe3198ffd85f9)] -> xpath: //button[@type='submit']]
2023-05-20 23:05:613 INFO  CustomerLoginPage :52 - Clicking On Customer Name Selection Drop Down : [[ChromeDriver: chrome on WINDOWS (352036734d4b0bcc32afe3198ffd85f9)] -> xpath: //select[@id='userSelect']]
2023-05-20 23:05:808 INFO  CustomerLoginPage :54 - Selecting Customer Name From The Drop Down : [[ChromeDriver: chrome on WINDOWS (352036734d4b0bcc32afe3198ffd85f9)] -> xpath: //select[@id='userSelect']]
2023-05-20 23:05:916 INFO  CustomerLoginPage :59 - Clicking On Login Button : [[ChromeDriver: chrome on WINDOWS (352036734d4b0bcc32afe3198ffd85f9)] -> xpath: //button[@type='submit']]
2023-05-20 23:05:156 INFO  AccountPage :50 - Clicking On Deposit Button : [[ChromeDriver: chrome on WINDOWS (352036734d4b0bcc32afe3198ffd85f9)] -> xpath: //button[normalize-space()='Deposit']]
2023-05-20 23:05:476 INFO  AccountPage :55 - Entering The Amount Into Amount Field : [[ChromeDriver: chrome on WINDOWS (352036734d4b0bcc32afe3198ffd85f9)] -> xpath: //input[@placeholder='amount']]
2023-05-20 23:05:560 INFO  AccountPage :50 - Clicking On Deposit Button : [[ChromeDriver: chrome on WINDOWS (352036734d4b0bcc32afe3198ffd85f9)] -> xpath: //button[normalize-space()='Deposit']]
2023-05-20 23:05:314 INFO  CustomerLoginPage :46 - Clicking On Customer Login Button : [[ChromeDriver: chrome on WINDOWS (b8cc778d80eb218273b63af266fd43bb)] -> xpath: //button[@type='submit']]
2023-05-20 23:05:506 INFO  CustomerLoginPage :52 - Clicking On Customer Name Selection Drop Down : [[ChromeDriver: chrome on WINDOWS (b8cc778d80eb218273b63af266fd43bb)] -> xpath: //select[@id='userSelect']]
2023-05-20 23:05:625 INFO  CustomerLoginPage :54 - Selecting Customer Name From The Drop Down : [[ChromeDriver: chrome on WINDOWS (b8cc778d80eb218273b63af266fd43bb)] -> xpath: //select[@id='userSelect']]
2023-05-20 23:05:742 INFO  CustomerLoginPage :59 - Clicking On Login Button : [[ChromeDriver: chrome on WINDOWS (b8cc778d80eb218273b63af266fd43bb)] -> xpath: //button[@type='submit']]
2023-05-20 23:05:938 INFO  AccountPage :50 - Clicking On Deposit Button : [[ChromeDriver: chrome on WINDOWS (b8cc778d80eb218273b63af266fd43bb)] -> xpath: //button[normalize-space()='Deposit']]
2023-05-20 23:05:244 INFO  AccountPage :55 - Entering The Amount Into Amount Field : [[ChromeDriver: chrome on WINDOWS (b8cc778d80eb218273b63af266fd43bb)] -> xpath: //input[@placeholder='amount']]
2023-05-20 23:05:329 INFO  AccountPage :50 - Clicking On Deposit Button : [[ChromeDriver: chrome on WINDOWS (b8cc778d80eb218273b63af266fd43bb)] -> xpath: //button[normalize-space()='Deposit']]
2023-05-20 23:05:54 INFO  CustomerLoginPage :46 - Clicking On Customer Login Button : [[ChromeDriver: chrome on WINDOWS (a4909d43431a2fb261748687b57fb42e)] -> xpath: //button[@type='submit']]
2023-05-20 23:05:161 INFO  CustomerLoginPage :52 - Clicking On Customer Name Selection Drop Down : [[ChromeDriver: chrome on WINDOWS (a4909d43431a2fb261748687b57fb42e)] -> xpath: //select[@id='userSelect']]
2023-05-20 23:05:354 INFO  CustomerLoginPage :54 - Selecting Customer Name From The Drop Down : [[ChromeDriver: chrome on WINDOWS (a4909d43431a2fb261748687b57fb42e)] -> xpath: //select[@id='userSelect']]
2023-05-20 23:05:540 INFO  CustomerLoginPage :59 - Clicking On Login Button : [[ChromeDriver: chrome on WINDOWS (a4909d43431a2fb261748687b57fb42e)] -> xpath: //button[@type='submit']]
2023-05-20 23:05:687 INFO  AccountPage :50 - Clicking On Deposit Button : [[ChromeDriver: chrome on WINDOWS (a4909d43431a2fb261748687b57fb42e)] -> xpath: //button[normalize-space()='Deposit']]
2023-05-20 23:05:931 INFO  AccountPage :55 - Entering The Amount Into Amount Field : [[ChromeDriver: chrome on WINDOWS (a4909d43431a2fb261748687b57fb42e)] -> xpath: //input[@placeholder='amount']]
2023-05-20 23:05:997 INFO  AccountPage :50 - Clicking On Deposit Button : [[ChromeDriver: chrome on WINDOWS (a4909d43431a2fb261748687b57fb42e)] -> xpath: //button[normalize-space()='Deposit']]
2023-05-20 23:05:173 INFO  CustomerLoginPage :46 - Clicking On Customer Login Button : [[ChromeDriver: chrome on WINDOWS (04d5c0c3fd227e114841690e50126c67)] -> xpath: //button[@type='submit']]
2023-05-20 23:05:292 INFO  CustomerLoginPage :52 - Clicking On Customer Name Selection Drop Down : [[ChromeDriver: chrome on WINDOWS (04d5c0c3fd227e114841690e50126c67)] -> xpath: //select[@id='userSelect']]
2023-05-20 23:05:394 INFO  CustomerLoginPage :54 - Selecting Customer Name From The Drop Down : [[ChromeDriver: chrome on WINDOWS (04d5c0c3fd227e114841690e50126c67)] -> xpath: //select[@id='userSelect']]
2023-05-20 23:05:522 INFO  CustomerLoginPage :59 - Clicking On Login Button : [[ChromeDriver: chrome on WINDOWS (04d5c0c3fd227e114841690e50126c67)] -> xpath: //button[@type='submit']]
2023-05-20 23:05:727 INFO  AccountPage :50 - Clicking On Deposit Button : [[ChromeDriver: chrome on WINDOWS (04d5c0c3fd227e114841690e50126c67)] -> xpath: //button[normalize-space()='Deposit']]
2023-05-20 23:05:11 INFO  AccountPage :55 - Entering The Amount Into Amount Field : [[ChromeDriver: chrome on WINDOWS (04d5c0c3fd227e114841690e50126c67)] -> xpath: //input[@placeholder='amount']]
2023-05-20 23:05:75 INFO  AccountPage :50 - Clicking On Deposit Button : [[ChromeDriver: chrome on WINDOWS (04d5c0c3fd227e114841690e50126c67)] -> xpath: //button[normalize-space()='Deposit']]
2023-05-20 23:05:962 INFO  CustomerLoginPage :46 - Clicking On Customer Login Button : [[ChromeDriver: chrome on WINDOWS (93db734a34bb07fb76aeb3b4722b6087)] -> xpath: //button[@type='submit']]
2023-05-20 23:05:82 INFO  CustomerLoginPage :52 - Clicking On Customer Name Selection Drop Down : [[ChromeDriver: chrome on WINDOWS (93db734a34bb07fb76aeb3b4722b6087)] -> xpath: //select[@id='userSelect']]
2023-05-20 23:05:285 INFO  CustomerLoginPage :54 - Selecting Customer Name From The Drop Down : [[ChromeDriver: chrome on WINDOWS (93db734a34bb07fb76aeb3b4722b6087)] -> xpath: //select[@id='userSelect']]
2023-05-20 23:05:422 INFO  CustomerLoginPage :59 - Clicking On Login Button : [[ChromeDriver: chrome on WINDOWS (93db734a34bb07fb76aeb3b4722b6087)] -> xpath: //button[@type='submit']]
2023-05-20 23:05:585 INFO  CustomerLoginPage :64 - Verifying Whether The Logout Tab Is Displayed Or Not : 
2023-05-20 23:05:656 INFO  CustomerLoginPage :70 - Clicking On Logout Tab : [[ChromeDriver: chrome on WINDOWS (93db734a34bb07fb76aeb3b4722b6087)] -> xpath: //button[@class='btn logout']]
2023-05-20 23:05:100 INFO  CustomerLoginPage :46 - Clicking On Customer Login Button : [[ChromeDriver: chrome on WINDOWS (5a4dc40085322788dcd1c121c8e836db)] -> xpath: //button[@type='submit']]
2023-05-20 23:05:308 INFO  CustomerLoginPage :52 - Clicking On Customer Name Selection Drop Down : [[ChromeDriver: chrome on WINDOWS (5a4dc40085322788dcd1c121c8e836db)] -> xpath: //select[@id='userSelect']]
2023-05-20 23:05:424 INFO  CustomerLoginPage :54 - Selecting Customer Name From The Drop Down : [[ChromeDriver: chrome on WINDOWS (5a4dc40085322788dcd1c121c8e836db)] -> xpath: //select[@id='userSelect']]
2023-05-20 23:05:543 INFO  CustomerLoginPage :59 - Clicking On Login Button : [[ChromeDriver: chrome on WINDOWS (5a4dc40085322788dcd1c121c8e836db)] -> xpath: //button[@type='submit']]
2023-05-20 23:05:763 INFO  AccountPage :50 - Clicking On Deposit Button : [[ChromeDriver: chrome on WINDOWS (5a4dc40085322788dcd1c121c8e836db)] -> xpath: //button[normalize-space()='Deposit']]
2023-05-20 23:05:11 INFO  AccountPage :55 - Entering The Amount Into Amount Field : [[ChromeDriver: chrome on WINDOWS (5a4dc40085322788dcd1c121c8e836db)] -> xpath: //input[@placeholder='amount']]
2023-05-20 23:05:99 INFO  AccountPage :60 - Clicking On Deposit Button : [[ChromeDriver: chrome on WINDOWS (5a4dc40085322788dcd1c121c8e836db)] -> xpath: //button[@type='submit']]
2023-05-20 23:05:160 INFO  BankManagerLoginPage :26 - Clicking On Bank Manager Login Button : [[ChromeDriver: chrome on WINDOWS (5675fb3e70786e109636645cfa448455)] -> xpath: //button[normalize-space()='Bank Manager Login']]
2023-05-20 23:05:461 INFO  AddCustomerPage :46 - Clicking On Add Customer Button : [[ChromeDriver: chrome on WINDOWS (5675fb3e70786e109636645cfa448455)] -> xpath: //button[normalize-space()='Add Customer']]
2023-05-20 23:05:773 INFO  AddCustomerPage :51 - Entering First Name Into First Name Filed : [[ChromeDriver: chrome on WINDOWS (5675fb3e70786e109636645cfa448455)] -> xpath: //input[@placeholder='First Name']]
2023-05-20 23:05:963 INFO  AddCustomerPage :56 - Entering Last Name Into Last Name Field : [[ChromeDriver: chrome on WINDOWS (5675fb3e70786e109636645cfa448455)] -> xpath: //input[@placeholder='Last Name']]
2023-05-20 23:05:60 INFO  AddCustomerPage :61 - Entering Postcode Into Postcode Field : [[ChromeDriver: chrome on WINDOWS (5675fb3e70786e109636645cfa448455)] -> xpath: //input[@placeholder='Post Code']]
2023-05-20 23:05:143 INFO  AddCustomerPage :66 - Clicking On Add Customer Button : [[ChromeDriver: chrome on WINDOWS (5675fb3e70786e109636645cfa448455)] -> xpath: //button[@type='submit']]
2023-05-20 23:05:724 INFO  BankManagerLoginPage :26 - Clicking On Bank Manager Login Button : [[ChromeDriver: chrome on WINDOWS (6c1553adc1b55be77c25b9ff34b059e2)] -> xpath: //button[normalize-space()='Bank Manager Login']]
2023-05-20 23:05:30 INFO  OpenAccountPage :43 - Clicking On Open An Account Button : [[ChromeDriver: chrome on WINDOWS (6c1553adc1b55be77c25b9ff34b059e2)] -> xpath: //button[normalize-space()='Open Account']]
2023-05-20 23:05:414 INFO  OpenAccountPage :49 - Clicking On The Customer Name Drop Down : [[ChromeDriver: chrome on WINDOWS (6c1553adc1b55be77c25b9ff34b059e2)] -> css selector: #userSelect]
2023-05-20 23:05:529 INFO  OpenAccountPage :51 - Selecting Customer Name From The Drop Down : [[ChromeDriver: chrome on WINDOWS (6c1553adc1b55be77c25b9ff34b059e2)] -> css selector: #userSelect]
2023-05-20 23:05:654 INFO  OpenAccountPage :57 - Clicking On The Currency Drop Down : [[ChromeDriver: chrome on WINDOWS (6c1553adc1b55be77c25b9ff34b059e2)] -> xpath: //select[@id='currency']]
2023-05-20 23:05:726 INFO  OpenAccountPage :59 - Selecting The Desired Currency From Currency Drop Down : [[ChromeDriver: chrome on WINDOWS (6c1553adc1b55be77c25b9ff34b059e2)] -> xpath: //select[@id='currency']]
2023-05-20 23:05:813 INFO  OpenAccountPage :64 - Clicking On The Process Button : [[ChromeDriver: chrome on WINDOWS (6c1553adc1b55be77c25b9ff34b059e2)] -> xpath: //button[@type='submit']]
2023-05-20 23:05:400 INFO  CustomerLoginPage :46 - Clicking On Customer Login Button : [[ChromeDriver: chrome on WINDOWS (887afecb518c3d856ebf5c2a1330b3a0)] -> xpath: //button[@type='submit']]
2023-05-20 23:05:516 INFO  CustomerLoginPage :52 - Clicking On Customer Name Selection Drop Down : [[ChromeDriver: chrome on WINDOWS (887afecb518c3d856ebf5c2a1330b3a0)] -> xpath: //select[@id='userSelect']]
2023-05-20 23:05:695 INFO  CustomerLoginPage :54 - Selecting Customer Name From The Drop Down : [[ChromeDriver: chrome on WINDOWS (887afecb518c3d856ebf5c2a1330b3a0)] -> xpath: //select[@id='userSelect']]
2023-05-20 23:05:870 INFO  CustomerLoginPage :59 - Clicking On Login Button : [[ChromeDriver: chrome on WINDOWS (887afecb518c3d856ebf5c2a1330b3a0)] -> xpath: //button[@type='submit']]
2023-05-20 23:05:998 INFO  CustomerLoginPage :64 - Verifying Whether The Logout Tab Is Displayed Or Not : 
2023-05-20 23:05:90 INFO  CustomerLoginPage :70 - Clicking On Logout Tab : [[ChromeDriver: chrome on WINDOWS (887afecb518c3d856ebf5c2a1330b3a0)] -> xpath: //button[@class='btn logout']]
2023-05-20 23:05:161 INFO  CustomerLoginPage :46 - Clicking On Customer Login Button : [[ChromeDriver: chrome on WINDOWS (75d9e000b8244aee1880b6d5744fc44c)] -> xpath: //button[@type='submit']]
2023-05-20 23:05:272 INFO  CustomerLoginPage :52 - Clicking On Customer Name Selection Drop Down : [[ChromeDriver: chrome on WINDOWS (75d9e000b8244aee1880b6d5744fc44c)] -> xpath: //select[@id='userSelect']]
2023-05-20 23:05:376 INFO  CustomerLoginPage :54 - Selecting Customer Name From The Drop Down : [[ChromeDriver: chrome on WINDOWS (75d9e000b8244aee1880b6d5744fc44c)] -> xpath: //select[@id='userSelect']]
2023-05-20 23:05:517 INFO  CustomerLoginPage :59 - Clicking On Login Button : [[ChromeDriver: chrome on WINDOWS (75d9e000b8244aee1880b6d5744fc44c)] -> xpath: //button[@type='submit']]
2023-05-20 23:05:747 INFO  AccountPage :50 - Clicking On Deposit Button : [[ChromeDriver: chrome on WINDOWS (75d9e000b8244aee1880b6d5744fc44c)] -> xpath: //button[normalize-space()='Deposit']]
2023-05-20 23:05:10 INFO  AccountPage :55 - Entering The Amount Into Amount Field : [[ChromeDriver: chrome on WINDOWS (75d9e000b8244aee1880b6d5744fc44c)] -> xpath: //input[@placeholder='amount']]
2023-05-20 23:05:96 INFO  AccountPage :60 - Clicking On Deposit Button : [[ChromeDriver: chrome on WINDOWS (75d9e000b8244aee1880b6d5744fc44c)] -> xpath: //button[@type='submit']]
2023-05-20 23:05:855 INFO  CustomerLoginPage :46 - Clicking On Customer Login Button : [[ChromeDriver: chrome on WINDOWS (d00826150200ccc131bf5b76df5d2a16)] -> xpath: //button[@type='submit']]
2023-05-20 23:05:953 INFO  CustomerLoginPage :52 - Clicking On Customer Name Selection Drop Down : [[ChromeDriver: chrome on WINDOWS (d00826150200ccc131bf5b76df5d2a16)] -> xpath: //select[@id='userSelect']]
2023-05-20 23:05:149 INFO  CustomerLoginPage :54 - Selecting Customer Name From The Drop Down : [[ChromeDriver: chrome on WINDOWS (d00826150200ccc131bf5b76df5d2a16)] -> xpath: //select[@id='userSelect']]
2023-05-20 23:05:316 INFO  CustomerLoginPage :59 - Clicking On Login Button : [[ChromeDriver: chrome on WINDOWS (d00826150200ccc131bf5b76df5d2a16)] -> xpath: //button[@type='submit']]
2023-05-20 23:05:725 INFO  AccountPage :65 - Clicking On Withdraw Button : [[ChromeDriver: chrome on WINDOWS (d00826150200ccc131bf5b76df5d2a16)] -> xpath: //button[@type='submit']]
2023-05-20 23:05:829 INFO  AccountPage :55 - Entering The Amount Into Amount Field : [[ChromeDriver: chrome on WINDOWS (d00826150200ccc131bf5b76df5d2a16)] -> xpath: //input[@placeholder='amount']]
2023-05-20 23:05:917 INFO  AccountPage :75 - Clicking On Withdraw Button : [[ChromeDriver: chrome on WINDOWS (d00826150200ccc131bf5b76df5d2a16)] -> xpath: //button[@type='submit']]
